  lapi.c
  lauxlib.c
  lbaselib.c
  lcode.c
  lcorolib.c
  lctype.c
  ldblib.c
  ldebug.c
  ldo.c
  ldump.c
  lfunc.c
  lgc.c
  linit.c
  liolib.c
  llex.c
  lmathlib.c
  lmem.c
  loadlib.c
  lobject.c
  lopcodes.c
  正在编译...
  loslib.c
  lparser.c
  lstate.c
  lstring.c
  lstrlib.c
  ltable.c
  ltablib.c
  ltm.c
  lundump.c
  lutf8lib.c
  lvm.c
  lzio.c
  dtoa.c
D:\guge\lua-cjson-2.1.0\lua-cjson-2.1.0\dtoa.c(663,22): warning C4244: “=”: 从“uint64_t”转换到“uint32_t”，可能丢失数据
D:\guge\lua-cjson-2.1.0\lua-cjson-2.1.0\dtoa.c(857,15): warning C4244: “=”: 从“uint64_t”转换到“uint32_t”，可能丢失数据
D:\guge\lua-cjson-2.1.0\lua-cjson-2.1.0\dtoa.c(1704,25): warning C4244: “=”: 从“__int64”转换到“int”，可能丢失数据
D:\guge\lua-cjson-2.1.0\lua-cjson-2.1.0\dtoa.c(1922,17): warning C4244: “=”: 从“__int64”转换到“int”，可能丢失数据
D:\guge\lua-cjson-2.1.0\lua-cjson-2.1.0\dtoa.c(1951,23): warning C4244: “=”: 从“__int64”转换到“int”，可能丢失数据
D:\guge\lua-cjson-2.1.0\lua-cjson-2.1.0\dtoa.c(2566,26): warning C4244: “=”: 从“__int64”转换到“int”，可能丢失数据
D:\guge\lua-cjson-2.1.0\lua-cjson-2.1.0\dtoa.c(2590,18): warning C4244: “=”: 从“__int64”转换到“int”，可能丢失数据
D:\guge\lua-cjson-2.1.0\lua-cjson-2.1.0\dtoa.c(2596,20): warning C4244: “=”: 从“__int64”转换到“int”，可能丢失数据
D:\guge\lua-cjson-2.1.0\lua-cjson-2.1.0\dtoa.c(3390,19): warning C4244: “=”: 从“double”转换到“uint32_t”，可能丢失数据
D:\guge\lua-cjson-2.1.0\lua-cjson-2.1.0\dtoa.c(3983,17): warning C4244: “=”: 从“double”转换到“int32_t”，可能丢失数据
  g_fmt.c
D:\guge\lua-cjson-2.1.0\lua-cjson-2.1.0\g_fmt.c(110,15): warning C4244: “return”: 从“__int64”转换到“int”，可能丢失数据
  lua_cjson.c
D:\guge\lua-cjson-2.1.0\lua-cjson-2.1.0\lua_cjson.c(225,47): warning C4244: “=”: 从“lua_Integer”转换到“int”，可能丢失数据
D:\guge\lua-cjson-2.1.0\lua-cjson-2.1.0\lua_cjson.c(474,49): warning C4267: “函数”: 从“size_t”转换到“int”，可能丢失数据
D:\guge\lua-cjson-2.1.0\lua-cjson-2.1.0\lua_cjson.c(509,28): warning C4244: “=”: 从“double”转换到“int”，可能丢失数据
D:\guge\lua-cjson-2.1.0\lua-cjson-2.1.0\lua_cjson.c(879,42): warning C4244: “=”: 从“__int64”转换到“int”，可能丢失数据
D:\guge\lua-cjson-2.1.0\lua-cjson-2.1.0\lua_cjson.c(1029,42): warning C4244: “=”: 从“__int64”转换到“int”，可能丢失数据
D:\guge\lua-cjson-2.1.0\lua-cjson-2.1.0\lua_cjson.c(1276,35): warning C4267: “函数”: 从“size_t”转换到“int”，可能丢失数据
  strbuf.c
D:\guge\lua-cjson-2.1.0\lua-cjson-2.1.0\strbuf.c(98,24): warning C4311: “类型强制转换”: 从“strbuf_t *”到“long”的指针截断
D:\guge\lua-cjson-2.1.0\lua-cjson-2.1.0\strbuf.c(172,24): warning C4311: “类型强制转换”: 从“strbuf_t *”到“long”的指针截断
    正在创建库 K:\lua5.4.2\cjson\x64\Release\cjson.lib 和对象 K:\lua5.4.2\cjson\x64\Release\cjson.exp
cjson.exp : warning LNK4070: .EXP 中的 /OUT:sjcon.dll 指令与输出文件名“K:\lua5.4.2\cjson\x64\Release\cjson.dll”不同；忽略指令
  正在生成代码
  Previous IPDB not found, fall back to full compilation.
  All 1131 functions were compiled because no usable IPDB/IOBJ from previous compilation was found.
  已完成代码的生成
cjson.exp : warning LNK4070: .EXP 中的 /OUT:sjcon.dll 指令与输出文件名“K:\lua5.4.2\cjson\x64\Release\cjson.dll”不同；忽略指令
  cjson.vcxproj -> K:\lua5.4.2\cjson\x64\Release\cjson.dll
