k:\lua5.4.2\cjson\x64\release\cjson.lib
k:\lua5.4.2\cjson\x64\release\cjson.exp
k:\lua5.4.2\cjson\x64\release\cjson.ipdb
k:\lua5.4.2\cjson\x64\release\cjson.iobj
k:\lua5.4.2\cjson\x64\release\vc142.pdb
k:\lua5.4.2\cjson\x64\release\lopcodes.obj
k:\lua5.4.2\cjson\x64\release\lobject.obj
k:\lua5.4.2\cjson\x64\release\loadlib.obj
k:\lua5.4.2\cjson\x64\release\lmem.obj
k:\lua5.4.2\cjson\x64\release\lmathlib.obj
k:\lua5.4.2\cjson\x64\release\llex.obj
k:\lua5.4.2\cjson\x64\release\liolib.obj
k:\lua5.4.2\cjson\x64\release\linit.obj
k:\lua5.4.2\cjson\x64\release\lgc.obj
k:\lua5.4.2\cjson\x64\release\lfunc.obj
k:\lua5.4.2\cjson\x64\release\ldump.obj
k:\lua5.4.2\cjson\x64\release\ldo.obj
k:\lua5.4.2\cjson\x64\release\ldebug.obj
k:\lua5.4.2\cjson\x64\release\ldblib.obj
k:\lua5.4.2\cjson\x64\release\lctype.obj
k:\lua5.4.2\cjson\x64\release\lcorolib.obj
k:\lua5.4.2\cjson\x64\release\lcode.obj
k:\lua5.4.2\cjson\x64\release\lbaselib.obj
k:\lua5.4.2\cjson\x64\release\lauxlib.obj
k:\lua5.4.2\cjson\x64\release\lapi.obj
k:\lua5.4.2\cjson\x64\release\strbuf.obj
k:\lua5.4.2\cjson\x64\release\lua_cjson.obj
k:\lua5.4.2\cjson\x64\release\g_fmt.obj
k:\lua5.4.2\cjson\x64\release\dtoa.obj
k:\lua5.4.2\cjson\x64\release\lzio.obj
k:\lua5.4.2\cjson\x64\release\lvm.obj
k:\lua5.4.2\cjson\x64\release\lutf8lib.obj
k:\lua5.4.2\cjson\x64\release\lundump.obj
k:\lua5.4.2\cjson\x64\release\ltm.obj
k:\lua5.4.2\cjson\x64\release\ltablib.obj
k:\lua5.4.2\cjson\x64\release\ltable.obj
k:\lua5.4.2\cjson\x64\release\lstrlib.obj
k:\lua5.4.2\cjson\x64\release\lstring.obj
k:\lua5.4.2\cjson\x64\release\lstate.obj
k:\lua5.4.2\cjson\x64\release\lparser.obj
k:\lua5.4.2\cjson\x64\release\loslib.obj
k:\lua5.4.2\cjson\x64\release\cjson.dll
k:\lua5.4.2\cjson\x64\release\cjson.pdb
k:\lua5.4.2\cjson\x64\release\cjson.tlog\cjson.write.1u.tlog
k:\lua5.4.2\cjson\x64\release\cjson.tlog\cl.command.1.tlog
k:\lua5.4.2\cjson\x64\release\cjson.tlog\cl.read.1.tlog
k:\lua5.4.2\cjson\x64\release\cjson.tlog\cl.write.1.tlog
k:\lua5.4.2\cjson\x64\release\cjson.tlog\link.command.1.tlog
k:\lua5.4.2\cjson\x64\release\cjson.tlog\link.read.1.tlog
k:\lua5.4.2\cjson\x64\release\cjson.tlog\link.write.1.tlog
